<?xml version="1.0" encoding="UTF-8"?>
<!-- Generated by org.testng.reporters.JUnitReportReporter -->
<testsuite hostname="LAPTOP-17AKDM07" failures="0" tests="1" name="Library_Files.BaseClass" time="11.896" errors="0" timestamp="2023-02-26T05:53:10 IST" skipped="0">
  <testcase classname="Library_Files.BaseClass" name="launchBrowser" time="11.896"/>
  <system-out/>
</testsuite> <!-- Library_Files.BaseClass -->
